21:14:44 INFO  : Registering command handlers for SDK TCF services
21:14:45 INFO  : Launching XSCT server: xsct.bat -interactive C:\Users\maysh\Desktop\project_final\project_final.sdk\temp_xsdb_launch_script.tcl
21:14:52 INFO  : XSCT server has started successfully.
21:14:59 INFO  : Successfully done setting XSCT server connection channel  
21:14:59 INFO  : Successfully done setting SDK workspace  
21:14:59 INFO  : Processing command line option -hwspec C:/Users/maysh/Desktop/project_final/project_final.sdk/top.hdf.
21:17:57 INFO  : Connected to target on host '127.0.0.1' and port '3121'.
21:17:58 INFO  : 'targets -set -filter {jtag_cable_name =~ "Digilent JTAG-HS2 210249A856E4" && level==0} -index 1' command is executed.
21:18:01 INFO  : FPGA configured successfully with bitstream "C:/Users/maysh/Desktop/project_final/project_final.sdk/top_hw_platform_0/top.bit"
21:18:07 INFO  : 'targets -set -filter {jtag_cable_name =~ "Digilent JTAG-HS2 210249A856E4" && level==0} -index 1' command is executed.
21:18:07 INFO  : 'fpga -state' command is executed.
21:18:07 INFO  : Connected to target on host '127.0.0.1' and port '3121'.
21:18:07 INFO  : Jtag cable 'Digilent JTAG-HS2 210249A856E4' is selected.
21:18:07 INFO  : 'jtag frequency' command is executed.
21:18:07 INFO  : Sourcing of 'C:/Users/maysh/Desktop/project_final/project_final.sdk/top_hw_platform_0/ps7_init.tcl' is done.
21:18:07 INFO  : Context for 'APU' is selected.
21:18:07 INFO  : Hardware design information is loaded from 'C:/Users/maysh/Desktop/project_final/project_final.sdk/top_hw_platform_0/system.hdf'.
21:18:07 INFO  : 'configparams force-mem-access 1' command is executed.
21:18:07 INFO  : Context for 'APU' is selected.
21:18:07 INFO  : 'stop' command is executed.
21:18:08 INFO  : 'ps7_init' command is executed.
21:18:08 INFO  : 'ps7_post_config' command is executed.
21:18:08 INFO  : Context for processor 'ps7_cortexa9_0' is selected.
21:18:08 INFO  : Processor reset is completed for 'ps7_cortexa9_0'.
21:18:08 INFO  : Context for processor 'ps7_cortexa9_0' is selected.
21:18:09 INFO  : The application 'C:/Users/maysh/Desktop/project_final/project_final.sdk/DSP/Debug/DSP.elf' is downloaded to processor 'ps7_cortexa9_0'.
21:18:09 INFO  : 'configparams force-mem-access 0' command is executed.
21:18:09 INFO  : ----------------XSDB Script----------------
connect -url tcp:127.0.0.1:3121
source C:/Users/maysh/Desktop/project_final/project_final.sdk/top_hw_platform_0/ps7_init.tcl
targets -set -nocase -filter {name =~"APU*" && jtag_cable_name =~ "Digilent JTAG-HS2 210249A856E4"} -index 0
loadhw -hw C:/Users/maysh/Desktop/project_final/project_final.sdk/top_hw_platform_0/system.hdf -mem-ranges [list {0x40000000 0xbfffffff}]
configparams force-mem-access 1
targets -set -nocase -filter {name =~"APU*" && jtag_cable_name =~ "Digilent JTAG-HS2 210249A856E4"} -index 0
stop
ps7_init
ps7_post_config
targets -set -nocase -filter {name =~ "ARM*#0" && jtag_cable_name =~ "Digilent JTAG-HS2 210249A856E4"} -index 0
rst -processor
targets -set -nocase -filter {name =~ "ARM*#0" && jtag_cable_name =~ "Digilent JTAG-HS2 210249A856E4"} -index 0
dow C:/Users/maysh/Desktop/project_final/project_final.sdk/DSP/Debug/DSP.elf
configparams force-mem-access 0
----------------End of Script----------------

21:18:09 INFO  : Context for processor 'ps7_cortexa9_0' is selected.
21:18:09 INFO  : 'con' command is executed.
21:18:09 INFO  : ----------------XSDB Script (After Launch)----------------
targets -set -nocase -filter {name =~ "ARM*#0" && jtag_cable_name =~ "Digilent JTAG-HS2 210249A856E4"} -index 0
con
----------------End of Script----------------

21:18:09 INFO  : Disconnected from the channel tcfchan#1.
21:21:40 INFO  : Connected to target on host '127.0.0.1' and port '3121'.
21:21:41 INFO  : 'targets -set -filter {jtag_cable_name =~ "Digilent JTAG-HS2 210249A856E4" && level==0} -index 1' command is executed.
21:21:44 INFO  : FPGA configured successfully with bitstream "C:/Users/maysh/Desktop/project_final/project_final.sdk/top_hw_platform_0/top.bit"
21:21:49 INFO  : 'targets -set -filter {jtag_cable_name =~ "Digilent JTAG-HS2 210249A856E4" && level==0} -index 1' command is executed.
21:21:49 INFO  : 'fpga -state' command is executed.
21:21:49 INFO  : Connected to target on host '127.0.0.1' and port '3121'.
21:21:50 INFO  : Jtag cable 'Digilent JTAG-HS2 210249A856E4' is selected.
21:21:50 INFO  : 'jtag frequency' command is executed.
21:21:50 INFO  : Sourcing of 'C:/Users/maysh/Desktop/project_final/project_final.sdk/top_hw_platform_0/ps7_init.tcl' is done.
21:21:50 INFO  : Context for 'APU' is selected.
21:21:50 INFO  : Hardware design information is loaded from 'C:/Users/maysh/Desktop/project_final/project_final.sdk/top_hw_platform_0/system.hdf'.
21:21:50 INFO  : 'configparams force-mem-access 1' command is executed.
21:21:50 INFO  : Context for 'APU' is selected.
21:21:50 INFO  : 'stop' command is executed.
21:21:50 INFO  : 'ps7_init' command is executed.
21:21:50 INFO  : 'ps7_post_config' command is executed.
21:21:51 INFO  : Context for processor 'ps7_cortexa9_0' is selected.
21:21:51 INFO  : Processor reset is completed for 'ps7_cortexa9_0'.
21:21:51 INFO  : Context for processor 'ps7_cortexa9_0' is selected.
21:21:52 INFO  : The application 'C:/Users/maysh/Desktop/project_final/project_final.sdk/DSP/Debug/DSP.elf' is downloaded to processor 'ps7_cortexa9_0'.
21:21:52 INFO  : 'configparams force-mem-access 0' command is executed.
21:21:52 INFO  : ----------------XSDB Script----------------
connect -url tcp:127.0.0.1:3121
source C:/Users/maysh/Desktop/project_final/project_final.sdk/top_hw_platform_0/ps7_init.tcl
targets -set -nocase -filter {name =~"APU*" && jtag_cable_name =~ "Digilent JTAG-HS2 210249A856E4"} -index 0
loadhw -hw C:/Users/maysh/Desktop/project_final/project_final.sdk/top_hw_platform_0/system.hdf -mem-ranges [list {0x40000000 0xbfffffff}]
configparams force-mem-access 1
targets -set -nocase -filter {name =~"APU*" && jtag_cable_name =~ "Digilent JTAG-HS2 210249A856E4"} -index 0
stop
ps7_init
ps7_post_config
targets -set -nocase -filter {name =~ "ARM*#0" && jtag_cable_name =~ "Digilent JTAG-HS2 210249A856E4"} -index 0
rst -processor
targets -set -nocase -filter {name =~ "ARM*#0" && jtag_cable_name =~ "Digilent JTAG-HS2 210249A856E4"} -index 0
dow C:/Users/maysh/Desktop/project_final/project_final.sdk/DSP/Debug/DSP.elf
configparams force-mem-access 0
----------------End of Script----------------

21:21:52 INFO  : Context for processor 'ps7_cortexa9_0' is selected.
21:21:52 INFO  : 'con' command is executed.
21:21:52 INFO  : ----------------XSDB Script (After Launch)----------------
targets -set -nocase -filter {name =~ "ARM*#0" && jtag_cable_name =~ "Digilent JTAG-HS2 210249A856E4"} -index 0
con
----------------End of Script----------------

21:21:52 INFO  : Disconnected from the channel tcfchan#2.
21:22:02 INFO  : Connected to target on host '127.0.0.1' and port '3121'.
21:22:02 INFO  : 'targets -set -filter {jtag_cable_name =~ "Digilent JTAG-HS2 210249A856E4" && level==0} -index 1' command is executed.
21:22:06 INFO  : FPGA configured successfully with bitstream "C:/Users/maysh/Desktop/project_final/project_final.sdk/top_hw_platform_0/top.bit"
21:22:11 INFO  : 'targets -set -filter {jtag_cable_name =~ "Digilent JTAG-HS2 210249A856E4" && level==0} -index 1' command is executed.
21:22:11 INFO  : 'fpga -state' command is executed.
21:22:11 INFO  : Connected to target on host '127.0.0.1' and port '3121'.
21:22:11 INFO  : Jtag cable 'Digilent JTAG-HS2 210249A856E4' is selected.
21:22:11 INFO  : 'jtag frequency' command is executed.
21:22:11 INFO  : Sourcing of 'C:/Users/maysh/Desktop/project_final/project_final.sdk/top_hw_platform_0/ps7_init.tcl' is done.
21:22:11 INFO  : Context for 'APU' is selected.
21:22:12 INFO  : Hardware design information is loaded from 'C:/Users/maysh/Desktop/project_final/project_final.sdk/top_hw_platform_0/system.hdf'.
21:22:12 INFO  : 'configparams force-mem-access 1' command is executed.
21:22:12 INFO  : Context for 'APU' is selected.
21:22:12 INFO  : 'stop' command is executed.
21:22:12 INFO  : 'ps7_init' command is executed.
21:22:12 INFO  : 'ps7_post_config' command is executed.
21:22:12 INFO  : Context for processor 'ps7_cortexa9_0' is selected.
21:22:12 INFO  : Processor reset is completed for 'ps7_cortexa9_0'.
21:22:12 INFO  : Context for processor 'ps7_cortexa9_0' is selected.
21:22:13 INFO  : The application 'C:/Users/maysh/Desktop/project_final/project_final.sdk/DSP/Debug/DSP.elf' is downloaded to processor 'ps7_cortexa9_0'.
21:22:13 INFO  : 'configparams force-mem-access 0' command is executed.
21:22:13 INFO  : ----------------XSDB Script----------------
connect -url tcp:127.0.0.1:3121
source C:/Users/maysh/Desktop/project_final/project_final.sdk/top_hw_platform_0/ps7_init.tcl
targets -set -nocase -filter {name =~"APU*" && jtag_cable_name =~ "Digilent JTAG-HS2 210249A856E4"} -index 0
loadhw -hw C:/Users/maysh/Desktop/project_final/project_final.sdk/top_hw_platform_0/system.hdf -mem-ranges [list {0x40000000 0xbfffffff}]
configparams force-mem-access 1
targets -set -nocase -filter {name =~"APU*" && jtag_cable_name =~ "Digilent JTAG-HS2 210249A856E4"} -index 0
stop
ps7_init
ps7_post_config
targets -set -nocase -filter {name =~ "ARM*#0" && jtag_cable_name =~ "Digilent JTAG-HS2 210249A856E4"} -index 0
rst -processor
targets -set -nocase -filter {name =~ "ARM*#0" && jtag_cable_name =~ "Digilent JTAG-HS2 210249A856E4"} -index 0
dow C:/Users/maysh/Desktop/project_final/project_final.sdk/DSP/Debug/DSP.elf
configparams force-mem-access 0
----------------End of Script----------------

21:22:13 INFO  : Context for processor 'ps7_cortexa9_0' is selected.
21:22:13 INFO  : 'con' command is executed.
21:22:13 INFO  : ----------------XSDB Script (After Launch)----------------
targets -set -nocase -filter {name =~ "ARM*#0" && jtag_cable_name =~ "Digilent JTAG-HS2 210249A856E4"} -index 0
con
----------------End of Script----------------

21:22:13 INFO  : Disconnected from the channel tcfchan#3.
21:22:48 INFO  : Connected to target on host '127.0.0.1' and port '3121'.
21:22:48 INFO  : 'targets -set -filter {jtag_cable_name =~ "Digilent JTAG-HS2 210249A856E4" && level==0} -index 1' command is executed.
21:22:52 INFO  : FPGA configured successfully with bitstream "C:/Users/maysh/Desktop/project_final/project_final.sdk/top_hw_platform_0/top.bit"
21:23:12 INFO  : 'targets -set -filter {jtag_cable_name =~ "Digilent JTAG-HS2 210249A856E4" && level==0} -index 1' command is executed.
21:23:12 INFO  : 'fpga -state' command is executed.
21:23:12 INFO  : Connected to target on host '127.0.0.1' and port '3121'.
21:23:12 INFO  : Jtag cable 'Digilent JTAG-HS2 210249A856E4' is selected.
21:23:12 INFO  : 'jtag frequency' command is executed.
21:23:12 INFO  : Sourcing of 'C:/Users/maysh/Desktop/project_final/project_final.sdk/top_hw_platform_0/ps7_init.tcl' is done.
21:23:12 INFO  : Context for 'APU' is selected.
21:23:12 INFO  : Hardware design information is loaded from 'C:/Users/maysh/Desktop/project_final/project_final.sdk/top_hw_platform_0/system.hdf'.
21:23:12 INFO  : 'configparams force-mem-access 1' command is executed.
21:23:12 INFO  : Context for 'APU' is selected.
21:23:13 INFO  : 'stop' command is executed.
21:23:13 INFO  : 'ps7_init' command is executed.
21:23:13 INFO  : 'ps7_post_config' command is executed.
21:23:13 INFO  : Context for processor 'ps7_cortexa9_0' is selected.
21:23:13 INFO  : Processor reset is completed for 'ps7_cortexa9_0'.
21:23:13 INFO  : Context for processor 'ps7_cortexa9_0' is selected.
21:23:14 INFO  : The application 'C:/Users/maysh/Desktop/project_final/project_final.sdk/DSP/Debug/DSP.elf' is downloaded to processor 'ps7_cortexa9_0'.
21:23:14 INFO  : 'configparams force-mem-access 0' command is executed.
21:23:14 INFO  : ----------------XSDB Script----------------
connect -url tcp:127.0.0.1:3121
source C:/Users/maysh/Desktop/project_final/project_final.sdk/top_hw_platform_0/ps7_init.tcl
targets -set -nocase -filter {name =~"APU*" && jtag_cable_name =~ "Digilent JTAG-HS2 210249A856E4"} -index 0
loadhw -hw C:/Users/maysh/Desktop/project_final/project_final.sdk/top_hw_platform_0/system.hdf -mem-ranges [list {0x40000000 0xbfffffff}]
configparams force-mem-access 1
targets -set -nocase -filter {name =~"APU*" && jtag_cable_name =~ "Digilent JTAG-HS2 210249A856E4"} -index 0
stop
ps7_init
ps7_post_config
targets -set -nocase -filter {name =~ "ARM*#0" && jtag_cable_name =~ "Digilent JTAG-HS2 210249A856E4"} -index 0
rst -processor
targets -set -nocase -filter {name =~ "ARM*#0" && jtag_cable_name =~ "Digilent JTAG-HS2 210249A856E4"} -index 0
dow C:/Users/maysh/Desktop/project_final/project_final.sdk/DSP/Debug/DSP.elf
configparams force-mem-access 0
----------------End of Script----------------

21:23:14 INFO  : Context for processor 'ps7_cortexa9_0' is selected.
21:23:14 INFO  : 'con' command is executed.
21:23:14 INFO  : ----------------XSDB Script (After Launch)----------------
targets -set -nocase -filter {name =~ "ARM*#0" && jtag_cable_name =~ "Digilent JTAG-HS2 210249A856E4"} -index 0
con
----------------End of Script----------------

21:23:14 INFO  : Disconnected from the channel tcfchan#4.
21:25:35 INFO  : Connected to target on host '127.0.0.1' and port '3121'.
21:25:35 INFO  : 'targets -set -filter {jtag_cable_name =~ "Digilent JTAG-HS2 210249A856E4" && level==0} -index 1' command is executed.
21:25:39 INFO  : FPGA configured successfully with bitstream "C:/Users/maysh/Desktop/project_final/project_final.sdk/top_hw_platform_0/top.bit"
21:26:09 INFO  : 'targets -set -filter {jtag_cable_name =~ "Digilent JTAG-HS2 210249A856E4" && level==0} -index 1' command is executed.
21:26:09 INFO  : 'fpga -state' command is executed.
21:26:09 INFO  : Connected to target on host '127.0.0.1' and port '3121'.
21:26:09 INFO  : Jtag cable 'Digilent JTAG-HS2 210249A856E4' is selected.
21:26:09 INFO  : 'jtag frequency' command is executed.
21:26:09 INFO  : Sourcing of 'C:/Users/maysh/Desktop/project_final/project_final.sdk/top_hw_platform_0/ps7_init.tcl' is done.
21:26:09 INFO  : Context for 'APU' is selected.
21:26:09 INFO  : Hardware design information is loaded from 'C:/Users/maysh/Desktop/project_final/project_final.sdk/top_hw_platform_0/system.hdf'.
21:26:09 INFO  : 'configparams force-mem-access 1' command is executed.
21:26:09 INFO  : Context for 'APU' is selected.
21:26:10 INFO  : 'stop' command is executed.
21:26:10 INFO  : 'ps7_init' command is executed.
21:26:10 INFO  : 'ps7_post_config' command is executed.
21:26:10 INFO  : Context for processor 'ps7_cortexa9_0' is selected.
21:26:10 INFO  : Processor reset is completed for 'ps7_cortexa9_0'.
21:26:10 INFO  : Context for processor 'ps7_cortexa9_0' is selected.
21:26:11 INFO  : The application 'C:/Users/maysh/Desktop/project_final/project_final.sdk/DSP/Debug/DSP.elf' is downloaded to processor 'ps7_cortexa9_0'.
21:26:11 INFO  : 'configparams force-mem-access 0' command is executed.
21:26:11 INFO  : ----------------XSDB Script----------------
connect -url tcp:127.0.0.1:3121
source C:/Users/maysh/Desktop/project_final/project_final.sdk/top_hw_platform_0/ps7_init.tcl
targets -set -nocase -filter {name =~"APU*" && jtag_cable_name =~ "Digilent JTAG-HS2 210249A856E4"} -index 0
loadhw -hw C:/Users/maysh/Desktop/project_final/project_final.sdk/top_hw_platform_0/system.hdf -mem-ranges [list {0x40000000 0xbfffffff}]
configparams force-mem-access 1
targets -set -nocase -filter {name =~"APU*" && jtag_cable_name =~ "Digilent JTAG-HS2 210249A856E4"} -index 0
stop
ps7_init
ps7_post_config
targets -set -nocase -filter {name =~ "ARM*#0" && jtag_cable_name =~ "Digilent JTAG-HS2 210249A856E4"} -index 0
rst -processor
targets -set -nocase -filter {name =~ "ARM*#0" && jtag_cable_name =~ "Digilent JTAG-HS2 210249A856E4"} -index 0
dow C:/Users/maysh/Desktop/project_final/project_final.sdk/DSP/Debug/DSP.elf
configparams force-mem-access 0
----------------End of Script----------------

21:26:11 INFO  : Context for processor 'ps7_cortexa9_0' is selected.
21:26:11 INFO  : 'con' command is executed.
21:26:11 INFO  : ----------------XSDB Script (After Launch)----------------
targets -set -nocase -filter {name =~ "ARM*#0" && jtag_cable_name =~ "Digilent JTAG-HS2 210249A856E4"} -index 0
con
----------------End of Script----------------

21:26:11 INFO  : Disconnected from the channel tcfchan#5.
